<?xml version="1.0" encoding="UTF-8"?>
<!-- Generated by org.testng.reporters.JUnitReportReporter -->
<testsuite skipped="0" hostname="LAPTOP-SNG10N7O" name="configtestgit.Mavengit" tests="1" failures="0" timestamp="18 Nov 2017 14:58:12 GMT" time="0.016" errors="0">
  <testcase name="f" time="0.016" classname="configtestgit.Mavengit"/>
</testsuite> <!-- configtestgit.Mavengit -->
